2021/10/18 11:49:42 [error] [php] mail(): Failed to connect to mailserver at &quot;localhost&quot; port 25, verify your &quot;SMTP&quot; and &quot;smtp_port&quot; setting in php.ini or use ini_set() (J:\Tonmoy\wamp64\www\yiiapp\protected\controllers\SiteController.php:67)
Stack trace:
#0 J:\Tonmoy\wamp64\www\yiiapp\protected\controllers\SiteController.php(67): mail()
#1 C:\Users\HP\Downloads\Compressed\yii-1.1.24.a5ab20\framework\web\actions\CInlineAction.php(49): SiteController->actionContact()
#2 C:\Users\HP\Downloads\Compressed\yii-1.1.24.a5ab20\framework\web\CController.php(308): CInlineAction->runWithParams()
#3 C:\Users\HP\Downloads\Compressed\yii-1.1.24.a5ab20\framework\web\CController.php(286): SiteController->runAction()
#4 C:\Users\HP\Downloads\Compressed\yii-1.1.24.a5ab20\framework\web\CController.php(265): SiteController->runActionWithFilters()
#5 C:\Users\HP\Downloads\Compressed\yii-1.1.24.a5ab20\framework\web\CWebApplication.php(282): SiteController->run()
#6 C:\Users\HP\Downloads\Compressed\yii-1.1.24.a5ab20\framework\web\CWebApplication.php(141): CWebApplication->runController()
#7 C:\Users\HP\Downloads\Compressed\yii-1.1.24.a5ab20\framework\base\CApplication.php(185): CWebApplication->processRequest()
#8 J:\Tonmoy\wamp64\www\yiiapp\index.php(13): CWebApplication->run()
REQUEST_URI=/yiiapp/index.php?r=site/contact
in J:\Tonmoy\wamp64\www\yiiapp\protected\controllers\SiteController.php (67)
in J:\Tonmoy\wamp64\www\yiiapp\index.php (13)
2021/10/18 12:01:06 [error] [php] Undefined variable: model (J:\Tonmoy\wamp64\www\yiiapp\protected\views\site\contact.php:38)
Stack trace:
#0 C:\Users\HP\Downloads\Compressed\yii-1.1.24.a5ab20\framework\web\CBaseController.php(126): require()
#1 C:\Users\HP\Downloads\Compressed\yii-1.1.24.a5ab20\framework\web\CBaseController.php(95): SiteController->renderInternal()
#2 C:\Users\HP\Downloads\Compressed\yii-1.1.24.a5ab20\framework\web\CController.php(872): SiteController->renderFile()
#3 C:\Users\HP\Downloads\Compressed\yii-1.1.24.a5ab20\framework\web\CController.php(785): SiteController->renderPartial()
#4 J:\Tonmoy\wamp64\www\yiiapp\protected\controllers\SiteController.php(32): SiteController->render()
#5 C:\Users\HP\Downloads\Compressed\yii-1.1.24.a5ab20\framework\web\actions\CInlineAction.php(49): SiteController->actionIndex()
#6 C:\Users\HP\Downloads\Compressed\yii-1.1.24.a5ab20\framework\web\CController.php(308): CInlineAction->runWithParams()
#7 C:\Users\HP\Downloads\Compressed\yii-1.1.24.a5ab20\framework\web\CController.php(286): SiteController->runAction()
#8 C:\Users\HP\Downloads\Compressed\yii-1.1.24.a5ab20\framework\web\CController.php(265): SiteController->runActionWithFilters()
#9 C:\Users\HP\Downloads\Compressed\yii-1.1.24.a5ab20\framework\web\CWebApplication.php(282): SiteController->run()
#10 C:\Users\HP\Downloads\Compressed\yii-1.1.24.a5ab20\framework\web\CWebApplication.php(141): CWebApplication->runController()
#11 C:\Users\HP\Downloads\Compressed\yii-1.1.24.a5ab20\framework\base\CApplication.php(185): CWebApplication->processRequest()
#12 J:\Tonmoy\wamp64\www\yiiapp\index.php(13): CWebApplication->run()
REQUEST_URI=/yiiapp/
in J:\Tonmoy\wamp64\www\yiiapp\protected\views\site\contact.php (38)
in J:\Tonmoy\wamp64\www\yiiapp\protected\controllers\SiteController.php (32)
in J:\Tonmoy\wamp64\www\yiiapp\index.php (13)
2021/10/19 08:40:51 [error] [php] include(product_manufacturers.php): failed to open stream: No such file or directory (C:\Users\HP\Downloads\Compressed\yii-1.1.24.a5ab20\framework\YiiBase.php:463)
Stack trace:
#0 C:\Users\HP\Downloads\Compressed\yii-1.1.24.a5ab20\framework\YiiBase.php(463): include()
#1 unknown(0): autoload()
#2 J:\Tonmoy\wamp64\www\yiiapp\protected\views\site\index.php(6): spl_autoload_call()
#3 C:\Users\HP\Downloads\Compressed\yii-1.1.24.a5ab20\framework\web\CBaseController.php(126): require()
#4 C:\Users\HP\Downloads\Compressed\yii-1.1.24.a5ab20\framework\web\CBaseController.php(95): SiteController->renderInternal()
#5 C:\Users\HP\Downloads\Compressed\yii-1.1.24.a5ab20\framework\web\CController.php(872): SiteController->renderFile()
#6 C:\Users\HP\Downloads\Compressed\yii-1.1.24.a5ab20\framework\web\CController.php(785): SiteController->renderPartial()
#7 J:\Tonmoy\wamp64\www\yiiapp\protected\controllers\SiteController.php(32): SiteController->render()
#8 C:\Users\HP\Downloads\Compressed\yii-1.1.24.a5ab20\framework\web\actions\CInlineAction.php(49): SiteController->actionIndex()
#9 C:\Users\HP\Downloads\Compressed\yii-1.1.24.a5ab20\framework\web\CController.php(308): CInlineAction->runWithParams()
#10 C:\Users\HP\Downloads\Compressed\yii-1.1.24.a5ab20\framework\web\CController.php(286): SiteController->runAction()
#11 C:\Users\HP\Downloads\Compressed\yii-1.1.24.a5ab20\framework\web\CController.php(265): SiteController->runActionWithFilters()
#12 C:\Users\HP\Downloads\Compressed\yii-1.1.24.a5ab20\framework\web\CWebApplication.php(282): SiteController->run()
#13 C:\Users\HP\Downloads\Compressed\yii-1.1.24.a5ab20\framework\web\CWebApplication.php(141): CWebApplication->runController()
#14 C:\Users\HP\Downloads\Compressed\yii-1.1.24.a5ab20\framework\base\CApplication.php(185): CWebApplication->processRequest()
#15 J:\Tonmoy\wamp64\www\yiiapp\index.php(13): CWebApplication->run()
REQUEST_URI=/yiiapp/index.php
in J:\Tonmoy\wamp64\www\yiiapp\protected\views\site\index.php (6)
in J:\Tonmoy\wamp64\www\yiiapp\protected\controllers\SiteController.php (32)
in J:\Tonmoy\wamp64\www\yiiapp\index.php (13)
2021/10/21 05:15:46 [error] [exception.ParseError] ParseError: syntax error, unexpected '<' in J:\Tonmoy\wamp64\www\yiiapp\protected\views\productManufacturer\index.php:13
Stack trace:
#0 C:\Users\HP\Downloads\Compressed\yii-1.1.24.a5ab20\framework\web\CBaseController.php(95): CBaseController->renderInternal('J:\\Tonmoy\\wamp6...', Array, true)
#1 C:\Users\HP\Downloads\Compressed\yii-1.1.24.a5ab20\framework\web\CController.php(872): CBaseController->renderFile('J:\\Tonmoy\\wamp6...', Array, true)
#2 C:\Users\HP\Downloads\Compressed\yii-1.1.24.a5ab20\framework\web\CController.php(785): CController->renderPartial('index', Array, true)
#3 J:\Tonmoy\wamp64\www\yiiapp\protected\controllers\ProductManufacturerController.php(8): CController->render('index', Array)
#4 C:\Users\HP\Downloads\Compressed\yii-1.1.24.a5ab20\framework\web\actions\CInlineAction.php(49): ProductManufacturerController->actionIndex()
#5 C:\Users\HP\Downloads\Compressed\yii-1.1.24.a5ab20\framework\web\CController.php(308): CInlineAction->runWithParams(Array)
#6 C:\Users\HP\Downloads\Compressed\yii-1.1.24.a5ab20\framework\web\CController.php(286): CController->runAction(Object(CInlineAction))
#7 C:\Users\HP\Downloads\Compressed\yii-1.1.24.a5ab20\framework\web\CController.php(265): CController->runActionWithFilters(Object(CInlineAction), Array)
#8 C:\Users\HP\Downloads\Compressed\yii-1.1.24.a5ab20\framework\web\CWebApplication.php(282): CController->run('index')
#9 C:\Users\HP\Downloads\Compressed\yii-1.1.24.a5ab20\framework\web\CWebApplication.php(141): CWebApplication->runController('productmanufact...')
#10 C:\Users\HP\Downloads\Compressed\yii-1.1.24.a5ab20\framework\base\CApplication.php(185): CWebApplication->processRequest()
#11 J:\Tonmoy\wamp64\www\yiiapp\index.php(13): CApplication->run()
#12 {main}
REQUEST_URI=/yiiapp/index.php?r=productmanufacturer/index
---
2021/10/21 05:16:16 [error] [exception.ParseError] ParseError: syntax error, unexpected '<' in J:\Tonmoy\wamp64\www\yiiapp\protected\views\productManufacturer\index.php:13
Stack trace:
#0 C:\Users\HP\Downloads\Compressed\yii-1.1.24.a5ab20\framework\web\CBaseController.php(95): CBaseController->renderInternal('J:\\Tonmoy\\wamp6...', Array, true)
#1 C:\Users\HP\Downloads\Compressed\yii-1.1.24.a5ab20\framework\web\CController.php(872): CBaseController->renderFile('J:\\Tonmoy\\wamp6...', Array, true)
#2 C:\Users\HP\Downloads\Compressed\yii-1.1.24.a5ab20\framework\web\CController.php(785): CController->renderPartial('index', Array, true)
#3 J:\Tonmoy\wamp64\www\yiiapp\protected\controllers\ProductManufacturerController.php(8): CController->render('index', Array)
#4 C:\Users\HP\Downloads\Compressed\yii-1.1.24.a5ab20\framework\web\actions\CInlineAction.php(49): ProductManufacturerController->actionIndex()
#5 C:\Users\HP\Downloads\Compressed\yii-1.1.24.a5ab20\framework\web\CController.php(308): CInlineAction->runWithParams(Array)
#6 C:\Users\HP\Downloads\Compressed\yii-1.1.24.a5ab20\framework\web\CController.php(286): CController->runAction(Object(CInlineAction))
#7 C:\Users\HP\Downloads\Compressed\yii-1.1.24.a5ab20\framework\web\CController.php(265): CController->runActionWithFilters(Object(CInlineAction), Array)
#8 C:\Users\HP\Downloads\Compressed\yii-1.1.24.a5ab20\framework\web\CWebApplication.php(282): CController->run('index')
#9 C:\Users\HP\Downloads\Compressed\yii-1.1.24.a5ab20\framework\web\CWebApplication.php(141): CWebApplication->runController('productmanufact...')
#10 C:\Users\HP\Downloads\Compressed\yii-1.1.24.a5ab20\framework\base\CApplication.php(185): CWebApplication->processRequest()
#11 J:\Tonmoy\wamp64\www\yiiapp\index.php(13): CApplication->run()
#12 {main}
REQUEST_URI=/yiiapp/index.php?r=productmanufacturer/index
---
2021/10/21 05:43:45 [error] [exception.ParseError] ParseError: syntax error, unexpected end of file in J:\Tonmoy\wamp64\www\yiiapp\protected\views\productManufacturer\index.php:34
Stack trace:
#0 C:\Users\HP\Downloads\Compressed\yii-1.1.24.a5ab20\framework\web\CBaseController.php(95): CBaseController->renderInternal('J:\\Tonmoy\\wamp6...', Array, true)
#1 C:\Users\HP\Downloads\Compressed\yii-1.1.24.a5ab20\framework\web\CController.php(872): CBaseController->renderFile('J:\\Tonmoy\\wamp6...', Array, true)
#2 C:\Users\HP\Downloads\Compressed\yii-1.1.24.a5ab20\framework\web\CController.php(785): CController->renderPartial('index', Array, true)
#3 J:\Tonmoy\wamp64\www\yiiapp\protected\controllers\ProductManufacturerController.php(8): CController->render('index', Array)
#4 C:\Users\HP\Downloads\Compressed\yii-1.1.24.a5ab20\framework\web\actions\CInlineAction.php(49): ProductManufacturerController->actionIndex()
#5 C:\Users\HP\Downloads\Compressed\yii-1.1.24.a5ab20\framework\web\CController.php(308): CInlineAction->runWithParams(Array)
#6 C:\Users\HP\Downloads\Compressed\yii-1.1.24.a5ab20\framework\web\CController.php(286): CController->runAction(Object(CInlineAction))
#7 C:\Users\HP\Downloads\Compressed\yii-1.1.24.a5ab20\framework\web\CController.php(265): CController->runActionWithFilters(Object(CInlineAction), Array)
#8 C:\Users\HP\Downloads\Compressed\yii-1.1.24.a5ab20\framework\web\CWebApplication.php(282): CController->run('index')
#9 C:\Users\HP\Downloads\Compressed\yii-1.1.24.a5ab20\framework\web\CWebApplication.php(141): CWebApplication->runController('productmanufact...')
#10 C:\Users\HP\Downloads\Compressed\yii-1.1.24.a5ab20\framework\base\CApplication.php(185): CWebApplication->processRequest()
#11 J:\Tonmoy\wamp64\www\yiiapp\index.php(13): CApplication->run()
#12 {main}
REQUEST_URI=/yiiapp/index.php?r=productmanufacturer/index
---
2021/10/21 05:45:04 [error] [exception.ParseError] ParseError: syntax error, unexpected end of file in J:\Tonmoy\wamp64\www\yiiapp\protected\views\productManufacturer\index.php:33
Stack trace:
#0 C:\Users\HP\Downloads\Compressed\yii-1.1.24.a5ab20\framework\web\CBaseController.php(95): CBaseController->renderInternal('J:\\Tonmoy\\wamp6...', Array, true)
#1 C:\Users\HP\Downloads\Compressed\yii-1.1.24.a5ab20\framework\web\CController.php(872): CBaseController->renderFile('J:\\Tonmoy\\wamp6...', Array, true)
#2 C:\Users\HP\Downloads\Compressed\yii-1.1.24.a5ab20\framework\web\CController.php(785): CController->renderPartial('index', Array, true)
#3 J:\Tonmoy\wamp64\www\yiiapp\protected\controllers\ProductManufacturerController.php(8): CController->render('index', Array)
#4 C:\Users\HP\Downloads\Compressed\yii-1.1.24.a5ab20\framework\web\actions\CInlineAction.php(49): ProductManufacturerController->actionIndex()
#5 C:\Users\HP\Downloads\Compressed\yii-1.1.24.a5ab20\framework\web\CController.php(308): CInlineAction->runWithParams(Array)
#6 C:\Users\HP\Downloads\Compressed\yii-1.1.24.a5ab20\framework\web\CController.php(286): CController->runAction(Object(CInlineAction))
#7 C:\Users\HP\Downloads\Compressed\yii-1.1.24.a5ab20\framework\web\CController.php(265): CController->runActionWithFilters(Object(CInlineAction), Array)
#8 C:\Users\HP\Downloads\Compressed\yii-1.1.24.a5ab20\framework\web\CWebApplication.php(282): CController->run('index')
#9 C:\Users\HP\Downloads\Compressed\yii-1.1.24.a5ab20\framework\web\CWebApplication.php(141): CWebApplication->runController('productmanufact...')
#10 C:\Users\HP\Downloads\Compressed\yii-1.1.24.a5ab20\framework\base\CApplication.php(185): CWebApplication->processRequest()
#11 J:\Tonmoy\wamp64\www\yiiapp\index.php(13): CApplication->run()
#12 {main}
REQUEST_URI=/yiiapp/index.php?r=productmanufacturer/index
---
2021/10/21 05:45:57 [error] [exception.ParseError] ParseError: syntax error, unexpected end of file in J:\Tonmoy\wamp64\www\yiiapp\protected\views\productManufacturer\index.php:33
Stack trace:
#0 C:\Users\HP\Downloads\Compressed\yii-1.1.24.a5ab20\framework\web\CBaseController.php(95): CBaseController->renderInternal('J:\\Tonmoy\\wamp6...', Array, true)
#1 C:\Users\HP\Downloads\Compressed\yii-1.1.24.a5ab20\framework\web\CController.php(872): CBaseController->renderFile('J:\\Tonmoy\\wamp6...', Array, true)
#2 C:\Users\HP\Downloads\Compressed\yii-1.1.24.a5ab20\framework\web\CController.php(785): CController->renderPartial('index', Array, true)
#3 J:\Tonmoy\wamp64\www\yiiapp\protected\controllers\ProductManufacturerController.php(8): CController->render('index', Array)
#4 C:\Users\HP\Downloads\Compressed\yii-1.1.24.a5ab20\framework\web\actions\CInlineAction.php(49): ProductManufacturerController->actionIndex()
#5 C:\Users\HP\Downloads\Compressed\yii-1.1.24.a5ab20\framework\web\CController.php(308): CInlineAction->runWithParams(Array)
#6 C:\Users\HP\Downloads\Compressed\yii-1.1.24.a5ab20\framework\web\CController.php(286): CController->runAction(Object(CInlineAction))
#7 C:\Users\HP\Downloads\Compressed\yii-1.1.24.a5ab20\framework\web\CController.php(265): CController->runActionWithFilters(Object(CInlineAction), Array)
#8 C:\Users\HP\Downloads\Compressed\yii-1.1.24.a5ab20\framework\web\CWebApplication.php(282): CController->run('index')
#9 C:\Users\HP\Downloads\Compressed\yii-1.1.24.a5ab20\framework\web\CWebApplication.php(141): CWebApplication->runController('productmanufact...')
#10 C:\Users\HP\Downloads\Compressed\yii-1.1.24.a5ab20\framework\base\CApplication.php(185): CWebApplication->processRequest()
#11 J:\Tonmoy\wamp64\www\yiiapp\index.php(13): CApplication->run()
#12 {main}
REQUEST_URI=/yiiapp/index.php?r=productmanufacturer/index
---
2021/10/31 06:09:10 [error] [php] Trying to get property 'idproducts' of non-object (J:\Tonmoy\wamp64\www\yiiapp\protected\views\product\index.php:24)
Stack trace:
#0 C:\Users\HP\Downloads\Compressed\yii-1.1.24.a5ab20\framework\web\CBaseController.php(126): require()
#1 C:\Users\HP\Downloads\Compressed\yii-1.1.24.a5ab20\framework\web\CBaseController.php(95): ProductController->renderInternal()
#2 C:\Users\HP\Downloads\Compressed\yii-1.1.24.a5ab20\framework\web\CController.php(872): ProductController->renderFile()
#3 C:\Users\HP\Downloads\Compressed\yii-1.1.24.a5ab20\framework\web\CController.php(785): ProductController->renderPartial()
#4 J:\Tonmoy\wamp64\www\yiiapp\protected\controllers\ProductController.php(17): ProductController->render()
#5 C:\Users\HP\Downloads\Compressed\yii-1.1.24.a5ab20\framework\web\actions\CInlineAction.php(49): ProductController->actionIndex()
#6 C:\Users\HP\Downloads\Compressed\yii-1.1.24.a5ab20\framework\web\CController.php(308): CInlineAction->runWithParams()
#7 C:\Users\HP\Downloads\Compressed\yii-1.1.24.a5ab20\framework\web\CController.php(286): ProductController->runAction()
#8 C:\Users\HP\Downloads\Compressed\yii-1.1.24.a5ab20\framework\web\CController.php(265): ProductController->runActionWithFilters()
#9 C:\Users\HP\Downloads\Compressed\yii-1.1.24.a5ab20\framework\web\CWebApplication.php(282): ProductController->run()
#10 C:\Users\HP\Downloads\Compressed\yii-1.1.24.a5ab20\framework\web\CWebApplication.php(141): CWebApplication->runController()
#11 C:\Users\HP\Downloads\Compressed\yii-1.1.24.a5ab20\framework\base\CApplication.php(185): CWebApplication->processRequest()
#12 J:\Tonmoy\wamp64\www\yiiapp\index.php(13): CWebApplication->run()
REQUEST_URI=/yiiapp/index.php?r=product/index
in J:\Tonmoy\wamp64\www\yiiapp\protected\views\product\index.php (24)
in J:\Tonmoy\wamp64\www\yiiapp\protected\controllers\ProductController.php (17)
in J:\Tonmoy\wamp64\www\yiiapp\index.php (13)
2021/10/31 06:09:36 [error] [php] Trying to get property 'productname' of non-object (J:\Tonmoy\wamp64\www\yiiapp\protected\views\product\index.php:24)
Stack trace:
#0 C:\Users\HP\Downloads\Compressed\yii-1.1.24.a5ab20\framework\web\CBaseController.php(126): require()
#1 C:\Users\HP\Downloads\Compressed\yii-1.1.24.a5ab20\framework\web\CBaseController.php(95): ProductController->renderInternal()
#2 C:\Users\HP\Downloads\Compressed\yii-1.1.24.a5ab20\framework\web\CController.php(872): ProductController->renderFile()
#3 C:\Users\HP\Downloads\Compressed\yii-1.1.24.a5ab20\framework\web\CController.php(785): ProductController->renderPartial()
#4 J:\Tonmoy\wamp64\www\yiiapp\protected\controllers\ProductController.php(17): ProductController->render()
#5 C:\Users\HP\Downloads\Compressed\yii-1.1.24.a5ab20\framework\web\actions\CInlineAction.php(49): ProductController->actionIndex()
#6 C:\Users\HP\Downloads\Compressed\yii-1.1.24.a5ab20\framework\web\CController.php(308): CInlineAction->runWithParams()
#7 C:\Users\HP\Downloads\Compressed\yii-1.1.24.a5ab20\framework\web\CController.php(286): ProductController->runAction()
#8 C:\Users\HP\Downloads\Compressed\yii-1.1.24.a5ab20\framework\web\CController.php(265): ProductController->runActionWithFilters()
#9 C:\Users\HP\Downloads\Compressed\yii-1.1.24.a5ab20\framework\web\CWebApplication.php(282): ProductController->run()
#10 C:\Users\HP\Downloads\Compressed\yii-1.1.24.a5ab20\framework\web\CWebApplication.php(141): CWebApplication->runController()
#11 C:\Users\HP\Downloads\Compressed\yii-1.1.24.a5ab20\framework\base\CApplication.php(185): CWebApplication->processRequest()
#12 J:\Tonmoy\wamp64\www\yiiapp\index.php(13): CWebApplication->run()
REQUEST_URI=/yiiapp/index.php?r=product/index
in J:\Tonmoy\wamp64\www\yiiapp\protected\views\product\index.php (24)
in J:\Tonmoy\wamp64\www\yiiapp\protected\controllers\ProductController.php (17)
in J:\Tonmoy\wamp64\www\yiiapp\index.php (13)
2021/10/31 06:14:45 [error] [php] Undefined index: dproducts (J:\Tonmoy\wamp64\www\yiiapp\protected\views\product\index.php:24)
Stack trace:
#0 C:\Users\HP\Downloads\Compressed\yii-1.1.24.a5ab20\framework\web\CBaseController.php(126): require()
#1 C:\Users\HP\Downloads\Compressed\yii-1.1.24.a5ab20\framework\web\CBaseController.php(95): ProductController->renderInternal()
#2 C:\Users\HP\Downloads\Compressed\yii-1.1.24.a5ab20\framework\web\CController.php(872): ProductController->renderFile()
#3 C:\Users\HP\Downloads\Compressed\yii-1.1.24.a5ab20\framework\web\CController.php(785): ProductController->renderPartial()
#4 J:\Tonmoy\wamp64\www\yiiapp\protected\controllers\ProductController.php(17): ProductController->render()
#5 C:\Users\HP\Downloads\Compressed\yii-1.1.24.a5ab20\framework\web\actions\CInlineAction.php(49): ProductController->actionIndex()
#6 C:\Users\HP\Downloads\Compressed\yii-1.1.24.a5ab20\framework\web\CController.php(308): CInlineAction->runWithParams()
#7 C:\Users\HP\Downloads\Compressed\yii-1.1.24.a5ab20\framework\web\CController.php(286): ProductController->runAction()
#8 C:\Users\HP\Downloads\Compressed\yii-1.1.24.a5ab20\framework\web\CController.php(265): ProductController->runActionWithFilters()
#9 C:\Users\HP\Downloads\Compressed\yii-1.1.24.a5ab20\framework\web\CWebApplication.php(282): ProductController->run()
#10 C:\Users\HP\Downloads\Compressed\yii-1.1.24.a5ab20\framework\web\CWebApplication.php(141): CWebApplication->runController()
#11 C:\Users\HP\Downloads\Compressed\yii-1.1.24.a5ab20\framework\base\CApplication.php(185): CWebApplication->processRequest()
#12 J:\Tonmoy\wamp64\www\yiiapp\index.php(13): CWebApplication->run()
REQUEST_URI=/yiiapp/index.php?r=product/index
in J:\Tonmoy\wamp64\www\yiiapp\protected\views\product\index.php (24)
in J:\Tonmoy\wamp64\www\yiiapp\protected\controllers\ProductController.php (17)
in J:\Tonmoy\wamp64\www\yiiapp\index.php (13)
2021/10/31 06:15:07 [error] [php] Undefined index: productname (J:\Tonmoy\wamp64\www\yiiapp\protected\views\product\index.php:25)
Stack trace:
#0 C:\Users\HP\Downloads\Compressed\yii-1.1.24.a5ab20\framework\web\CBaseController.php(126): require()
#1 C:\Users\HP\Downloads\Compressed\yii-1.1.24.a5ab20\framework\web\CBaseController.php(95): ProductController->renderInternal()
#2 C:\Users\HP\Downloads\Compressed\yii-1.1.24.a5ab20\framework\web\CController.php(872): ProductController->renderFile()
#3 C:\Users\HP\Downloads\Compressed\yii-1.1.24.a5ab20\framework\web\CController.php(785): ProductController->renderPartial()
#4 J:\Tonmoy\wamp64\www\yiiapp\protected\controllers\ProductController.php(17): ProductController->render()
#5 C:\Users\HP\Downloads\Compressed\yii-1.1.24.a5ab20\framework\web\actions\CInlineAction.php(49): ProductController->actionIndex()
#6 C:\Users\HP\Downloads\Compressed\yii-1.1.24.a5ab20\framework\web\CController.php(308): CInlineAction->runWithParams()
#7 C:\Users\HP\Downloads\Compressed\yii-1.1.24.a5ab20\framework\web\CController.php(286): ProductController->runAction()
#8 C:\Users\HP\Downloads\Compressed\yii-1.1.24.a5ab20\framework\web\CController.php(265): ProductController->runActionWithFilters()
#9 C:\Users\HP\Downloads\Compressed\yii-1.1.24.a5ab20\framework\web\CWebApplication.php(282): ProductController->run()
#10 C:\Users\HP\Downloads\Compressed\yii-1.1.24.a5ab20\framework\web\CWebApplication.php(141): CWebApplication->runController()
#11 C:\Users\HP\Downloads\Compressed\yii-1.1.24.a5ab20\framework\base\CApplication.php(185): CWebApplication->processRequest()
#12 J:\Tonmoy\wamp64\www\yiiapp\index.php(13): CWebApplication->run()
REQUEST_URI=/yiiapp/index.php?r=product/index
in J:\Tonmoy\wamp64\www\yiiapp\protected\views\product\index.php (25)
in J:\Tonmoy\wamp64\www\yiiapp\protected\controllers\ProductController.php (17)
in J:\Tonmoy\wamp64\www\yiiapp\index.php (13)
2021/10/31 06:19:18 [error] [php] Undefined index: productname (J:\Tonmoy\wamp64\www\yiiapp\protected\views\product\index.php:24)
Stack trace:
#0 C:\Users\HP\Downloads\Compressed\yii-1.1.24.a5ab20\framework\web\CBaseController.php(126): require()
#1 C:\Users\HP\Downloads\Compressed\yii-1.1.24.a5ab20\framework\web\CBaseController.php(95): ProductController->renderInternal()
#2 C:\Users\HP\Downloads\Compressed\yii-1.1.24.a5ab20\framework\web\CController.php(872): ProductController->renderFile()
#3 C:\Users\HP\Downloads\Compressed\yii-1.1.24.a5ab20\framework\web\CController.php(785): ProductController->renderPartial()
#4 J:\Tonmoy\wamp64\www\yiiapp\protected\controllers\ProductController.php(17): ProductController->render()
#5 C:\Users\HP\Downloads\Compressed\yii-1.1.24.a5ab20\framework\web\actions\CInlineAction.php(49): ProductController->actionIndex()
#6 C:\Users\HP\Downloads\Compressed\yii-1.1.24.a5ab20\framework\web\CController.php(308): CInlineAction->runWithParams()
#7 C:\Users\HP\Downloads\Compressed\yii-1.1.24.a5ab20\framework\web\CController.php(286): ProductController->runAction()
#8 C:\Users\HP\Downloads\Compressed\yii-1.1.24.a5ab20\framework\web\CController.php(265): ProductController->runActionWithFilters()
#9 C:\Users\HP\Downloads\Compressed\yii-1.1.24.a5ab20\framework\web\CWebApplication.php(282): ProductController->run()
#10 C:\Users\HP\Downloads\Compressed\yii-1.1.24.a5ab20\framework\web\CWebApplication.php(141): CWebApplication->runController()
#11 C:\Users\HP\Downloads\Compressed\yii-1.1.24.a5ab20\framework\base\CApplication.php(185): CWebApplication->processRequest()
#12 J:\Tonmoy\wamp64\www\yiiapp\index.php(13): CWebApplication->run()
REQUEST_URI=/yiiapp/index.php?r=product/index
in J:\Tonmoy\wamp64\www\yiiapp\protected\views\product\index.php (24)
in J:\Tonmoy\wamp64\www\yiiapp\protected\controllers\ProductController.php (17)
in J:\Tonmoy\wamp64\www\yiiapp\index.php (13)
2021/11/02 07:49:09 [error] [php] The use statement with non-compound name 'Yii' has no effect (J:\Tonmoy\wamp64\www\yiiapp\protected\controllers\ProductController.php:5)
Stack trace:
#0 C:\Users\HP\Downloads\Compressed\yii-1.1.24.a5ab20\framework\web\CWebApplication.php(354): createController()
#1 C:\Users\HP\Downloads\Compressed\yii-1.1.24.a5ab20\framework\web\CWebApplication.php(276): CWebApplication->createController()
#2 C:\Users\HP\Downloads\Compressed\yii-1.1.24.a5ab20\framework\web\CWebApplication.php(141): CWebApplication->runController()
#3 C:\Users\HP\Downloads\Compressed\yii-1.1.24.a5ab20\framework\base\CApplication.php(185): CWebApplication->processRequest()
#4 J:\Tonmoy\wamp64\www\yiiapp\index.php(13): CWebApplication->run()
REQUEST_URI=/yiiapp/index.php?r=product/index
in J:\Tonmoy\wamp64\www\yiiapp\index.php (13)
2021/11/02 08:54:57 [error] [php] The use statement with non-compound name 'Yii' has no effect (J:\Tonmoy\wamp64\www\yiiapp\protected\views\product\index.php:2)
Stack trace:
#0 C:\Users\HP\Downloads\Compressed\yii-1.1.24.a5ab20\framework\web\CBaseController.php(126): renderInternal()
#1 C:\Users\HP\Downloads\Compressed\yii-1.1.24.a5ab20\framework\web\CBaseController.php(95): ProductController->renderInternal()
#2 C:\Users\HP\Downloads\Compressed\yii-1.1.24.a5ab20\framework\web\CController.php(872): ProductController->renderFile()
#3 C:\Users\HP\Downloads\Compressed\yii-1.1.24.a5ab20\framework\web\CController.php(785): ProductController->renderPartial()
#4 J:\Tonmoy\wamp64\www\yiiapp\protected\controllers\ProductController.php(18): ProductController->render()
#5 C:\Users\HP\Downloads\Compressed\yii-1.1.24.a5ab20\framework\web\actions\CInlineAction.php(49): ProductController->actionIndex()
#6 C:\Users\HP\Downloads\Compressed\yii-1.1.24.a5ab20\framework\web\CController.php(308): CInlineAction->runWithParams()
#7 C:\Users\HP\Downloads\Compressed\yii-1.1.24.a5ab20\framework\web\CController.php(286): ProductController->runAction()
#8 C:\Users\HP\Downloads\Compressed\yii-1.1.24.a5ab20\framework\web\CController.php(265): ProductController->runActionWithFilters()
#9 C:\Users\HP\Downloads\Compressed\yii-1.1.24.a5ab20\framework\web\CWebApplication.php(282): ProductController->run()
#10 C:\Users\HP\Downloads\Compressed\yii-1.1.24.a5ab20\framework\web\CWebApplication.php(141): CWebApplication->runController()
#11 C:\Users\HP\Downloads\Compressed\yii-1.1.24.a5ab20\framework\base\CApplication.php(185): CWebApplication->processRequest()
#12 J:\Tonmoy\wamp64\www\yiiapp\index.php(13): CWebApplication->run()
REQUEST_URI=/yiiapp/index.php?r=product/index
in J:\Tonmoy\wamp64\www\yiiapp\protected\controllers\ProductController.php (18)
in J:\Tonmoy\wamp64\www\yiiapp\index.php (13)
2021/11/02 09:36:52 [error] [system.db.CDbCommand] CDbCommand::fetchAll() failed: SQLSTATE[HY000]: General error. The SQL statement executed was: DELETE FROM products WHERE idproducts='7'.
in J:\Tonmoy\wamp64\www\yiiapp\protected\controllers\ProductController.php (25)
in J:\Tonmoy\wamp64\www\yiiapp\index.php (13)
2021/11/02 09:36:52 [error] [exception.CDbException] exception 'CDbException' with message 'CDbCommand failed to execute the SQL statement: SQLSTATE[HY000]: General error. The SQL statement executed was: DELETE FROM products WHERE idproducts='7'' in C:\Users\HP\Downloads\Compressed\yii-1.1.24.a5ab20\framework\db\CDbCommand.php:543
Stack trace:
#0 C:\Users\HP\Downloads\Compressed\yii-1.1.24.a5ab20\framework\db\CDbCommand.php(396): CDbCommand->queryInternal('fetchAll', Array, Array)
#1 J:\Tonmoy\wamp64\www\yiiapp\protected\controllers\ProductController.php(25): CDbCommand->queryAll()
#2 C:\Users\HP\Downloads\Compressed\yii-1.1.24.a5ab20\framework\web\actions\CInlineAction.php(49): ProductController->actionDelete()
#3 C:\Users\HP\Downloads\Compressed\yii-1.1.24.a5ab20\framework\web\CController.php(308): CInlineAction->runWithParams(Array)
#4 C:\Users\HP\Downloads\Compressed\yii-1.1.24.a5ab20\framework\web\CController.php(286): CController->runAction(Object(CInlineAction))
#5 C:\Users\HP\Downloads\Compressed\yii-1.1.24.a5ab20\framework\web\CController.php(265): CController->runActionWithFilters(Object(CInlineAction), Array)
#6 C:\Users\HP\Downloads\Compressed\yii-1.1.24.a5ab20\framework\web\CWebApplication.php(282): CController->run('delete')
#7 C:\Users\HP\Downloads\Compressed\yii-1.1.24.a5ab20\framework\web\CWebApplication.php(141): CWebApplication->runController('product/delete')
#8 C:\Users\HP\Downloads\Compressed\yii-1.1.24.a5ab20\framework\base\CApplication.php(185): CWebApplication->processRequest()
#9 J:\Tonmoy\wamp64\www\yiiapp\index.php(13): CApplication->run()
#10 {main}
REQUEST_URI=/yiiapp/index.php?r=product/delete
HTTP_REFERER=http://localhost/yiiapp/index.php?r=product/index
---
2021/11/02 09:40:02 [error] [system.db.CDbCommand] CDbCommand::fetchAll() failed: SQLSTATE[HY000]: General error. The SQL statement executed was: DELETE FROM products WHERE idproducts='9'.
in J:\Tonmoy\wamp64\www\yiiapp\protected\controllers\ProductController.php (25)
in J:\Tonmoy\wamp64\www\yiiapp\index.php (13)
2021/11/02 09:40:02 [error] [exception.CDbException] exception 'CDbException' with message 'CDbCommand failed to execute the SQL statement: SQLSTATE[HY000]: General error. The SQL statement executed was: DELETE FROM products WHERE idproducts='9'' in C:\Users\HP\Downloads\Compressed\yii-1.1.24.a5ab20\framework\db\CDbCommand.php:543
Stack trace:
#0 C:\Users\HP\Downloads\Compressed\yii-1.1.24.a5ab20\framework\db\CDbCommand.php(396): CDbCommand->queryInternal('fetchAll', Array, Array)
#1 J:\Tonmoy\wamp64\www\yiiapp\protected\controllers\ProductController.php(25): CDbCommand->queryAll()
#2 C:\Users\HP\Downloads\Compressed\yii-1.1.24.a5ab20\framework\web\actions\CInlineAction.php(49): ProductController->actionDelete()
#3 C:\Users\HP\Downloads\Compressed\yii-1.1.24.a5ab20\framework\web\CController.php(308): CInlineAction->runWithParams(Array)
#4 C:\Users\HP\Downloads\Compressed\yii-1.1.24.a5ab20\framework\web\CController.php(286): CController->runAction(Object(CInlineAction))
#5 C:\Users\HP\Downloads\Compressed\yii-1.1.24.a5ab20\framework\web\CController.php(265): CController->runActionWithFilters(Object(CInlineAction), Array)
#6 C:\Users\HP\Downloads\Compressed\yii-1.1.24.a5ab20\framework\web\CWebApplication.php(282): CController->run('delete')
#7 C:\Users\HP\Downloads\Compressed\yii-1.1.24.a5ab20\framework\web\CWebApplication.php(141): CWebApplication->runController('product/delete')
#8 C:\Users\HP\Downloads\Compressed\yii-1.1.24.a5ab20\framework\base\CApplication.php(185): CWebApplication->processRequest()
#9 J:\Tonmoy\wamp64\www\yiiapp\index.php(13): CApplication->run()
#10 {main}
REQUEST_URI=/yiiapp/index.php?r=product/delete
HTTP_REFERER=http://localhost/yiiapp/index.php?r=product/index
---
2021/11/02 09:40:10 [error] [system.db.CDbCommand] CDbCommand::fetchAll() failed: SQLSTATE[HY000]: General error. The SQL statement executed was: DELETE FROM products WHERE idproducts='8'.
in J:\Tonmoy\wamp64\www\yiiapp\protected\controllers\ProductController.php (25)
in J:\Tonmoy\wamp64\www\yiiapp\index.php (13)
2021/11/02 09:40:10 [error] [exception.CDbException] exception 'CDbException' with message 'CDbCommand failed to execute the SQL statement: SQLSTATE[HY000]: General error. The SQL statement executed was: DELETE FROM products WHERE idproducts='8'' in C:\Users\HP\Downloads\Compressed\yii-1.1.24.a5ab20\framework\db\CDbCommand.php:543
Stack trace:
#0 C:\Users\HP\Downloads\Compressed\yii-1.1.24.a5ab20\framework\db\CDbCommand.php(396): CDbCommand->queryInternal('fetchAll', Array, Array)
#1 J:\Tonmoy\wamp64\www\yiiapp\protected\controllers\ProductController.php(25): CDbCommand->queryAll()
#2 C:\Users\HP\Downloads\Compressed\yii-1.1.24.a5ab20\framework\web\actions\CInlineAction.php(49): ProductController->actionDelete()
#3 C:\Users\HP\Downloads\Compressed\yii-1.1.24.a5ab20\framework\web\CController.php(308): CInlineAction->runWithParams(Array)
#4 C:\Users\HP\Downloads\Compressed\yii-1.1.24.a5ab20\framework\web\CController.php(286): CController->runAction(Object(CInlineAction))
#5 C:\Users\HP\Downloads\Compressed\yii-1.1.24.a5ab20\framework\web\CController.php(265): CController->runActionWithFilters(Object(CInlineAction), Array)
#6 C:\Users\HP\Downloads\Compressed\yii-1.1.24.a5ab20\framework\web\CWebApplication.php(282): CController->run('delete')
#7 C:\Users\HP\Downloads\Compressed\yii-1.1.24.a5ab20\framework\web\CWebApplication.php(141): CWebApplication->runController('product/delete')
#8 C:\Users\HP\Downloads\Compressed\yii-1.1.24.a5ab20\framework\base\CApplication.php(185): CWebApplication->processRequest()
#9 J:\Tonmoy\wamp64\www\yiiapp\index.php(13): CApplication->run()
#10 {main}
REQUEST_URI=/yiiapp/index.php?r=product/delete
HTTP_REFERER=http://localhost/yiiapp/index.php?r=product/index
---
2021/11/02 09:43:52 [error] [system.db.CDbCommand] CDbCommand::fetchAll() failed: SQLSTATE[HY000]: General error. The SQL statement executed was: DELETE FROM products WHERE idproducts='11'.
in J:\Tonmoy\wamp64\www\yiiapp\protected\controllers\ProductController.php (25)
in J:\Tonmoy\wamp64\www\yiiapp\index.php (13)
2021/11/02 09:43:52 [error] [exception.CDbException] exception 'CDbException' with message 'CDbCommand failed to execute the SQL statement: SQLSTATE[HY000]: General error. The SQL statement executed was: DELETE FROM products WHERE idproducts='11'' in C:\Users\HP\Downloads\Compressed\yii-1.1.24.a5ab20\framework\db\CDbCommand.php:543
Stack trace:
#0 C:\Users\HP\Downloads\Compressed\yii-1.1.24.a5ab20\framework\db\CDbCommand.php(396): CDbCommand->queryInternal('fetchAll', Array, Array)
#1 J:\Tonmoy\wamp64\www\yiiapp\protected\controllers\ProductController.php(25): CDbCommand->queryAll()
#2 C:\Users\HP\Downloads\Compressed\yii-1.1.24.a5ab20\framework\web\actions\CInlineAction.php(49): ProductController->actionDelete()
#3 C:\Users\HP\Downloads\Compressed\yii-1.1.24.a5ab20\framework\web\CController.php(308): CInlineAction->runWithParams(Array)
#4 C:\Users\HP\Downloads\Compressed\yii-1.1.24.a5ab20\framework\web\CController.php(286): CController->runAction(Object(CInlineAction))
#5 C:\Users\HP\Downloads\Compressed\yii-1.1.24.a5ab20\framework\web\CController.php(265): CController->runActionWithFilters(Object(CInlineAction), Array)
#6 C:\Users\HP\Downloads\Compressed\yii-1.1.24.a5ab20\framework\web\CWebApplication.php(282): CController->run('delete')
#7 C:\Users\HP\Downloads\Compressed\yii-1.1.24.a5ab20\framework\web\CWebApplication.php(141): CWebApplication->runController('product/delete')
#8 C:\Users\HP\Downloads\Compressed\yii-1.1.24.a5ab20\framework\base\CApplication.php(185): CWebApplication->processRequest()
#9 J:\Tonmoy\wamp64\www\yiiapp\index.php(13): CApplication->run()
#10 {main}
REQUEST_URI=/yiiapp/index.php?r=product/delete
HTTP_REFERER=http://localhost/yiiapp/index.php?r=product/index
---
2021/11/02 09:45:38 [error] [system.db.CDbCommand] CDbCommand::fetchAll() failed: SQLSTATE[HY000]: General error. The SQL statement executed was: DELETE FROM products WHERE idproducts='10'.
in J:\Tonmoy\wamp64\www\yiiapp\protected\controllers\ProductController.php (25)
in J:\Tonmoy\wamp64\www\yiiapp\index.php (13)
2021/11/02 09:45:38 [error] [exception.CDbException] exception 'CDbException' with message 'CDbCommand failed to execute the SQL statement: SQLSTATE[HY000]: General error. The SQL statement executed was: DELETE FROM products WHERE idproducts='10'' in C:\Users\HP\Downloads\Compressed\yii-1.1.24.a5ab20\framework\db\CDbCommand.php:543
Stack trace:
#0 C:\Users\HP\Downloads\Compressed\yii-1.1.24.a5ab20\framework\db\CDbCommand.php(396): CDbCommand->queryInternal('fetchAll', Array, Array)
#1 J:\Tonmoy\wamp64\www\yiiapp\protected\controllers\ProductController.php(25): CDbCommand->queryAll()
#2 C:\Users\HP\Downloads\Compressed\yii-1.1.24.a5ab20\framework\web\actions\CInlineAction.php(49): ProductController->actionDelete()
#3 C:\Users\HP\Downloads\Compressed\yii-1.1.24.a5ab20\framework\web\CController.php(308): CInlineAction->runWithParams(Array)
#4 C:\Users\HP\Downloads\Compressed\yii-1.1.24.a5ab20\framework\web\CController.php(286): CController->runAction(Object(CInlineAction))
#5 C:\Users\HP\Downloads\Compressed\yii-1.1.24.a5ab20\framework\web\CController.php(265): CController->runActionWithFilters(Object(CInlineAction), Array)
#6 C:\Users\HP\Downloads\Compressed\yii-1.1.24.a5ab20\framework\web\CWebApplication.php(282): CController->run('delete')
#7 C:\Users\HP\Downloads\Compressed\yii-1.1.24.a5ab20\framework\web\CWebApplication.php(141): CWebApplication->runController('product/delete')
#8 C:\Users\HP\Downloads\Compressed\yii-1.1.24.a5ab20\framework\base\CApplication.php(185): CWebApplication->processRequest()
#9 J:\Tonmoy\wamp64\www\yiiapp\index.php(13): CApplication->run()
#10 {main}
REQUEST_URI=/yiiapp/index.php?r=product/delete
HTTP_REFERER=http://localhost/yiiapp/index.php?r=product/index
---
2021/11/02 10:13:41 [error] [system.db.CDbCommand] CDbCommand::fetchAll() failed: SQLSTATE[HY000]: General error. The SQL statement executed was: DELETE FROM products WHERE idproducts='13'.
in J:\Tonmoy\wamp64\www\yiiapp\protected\controllers\ProductController.php (25)
in J:\Tonmoy\wamp64\www\yiiapp\index.php (13)
2021/11/02 10:13:41 [error] [exception.CDbException] CDbException: CDbCommand failed to execute the SQL statement: SQLSTATE[HY000]: General error. The SQL statement executed was: DELETE FROM products WHERE idproducts='13' in C:\Users\HP\Downloads\Compressed\yii-1.1.24.a5ab20\framework\db\CDbCommand.php:543
Stack trace:
#0 C:\Users\HP\Downloads\Compressed\yii-1.1.24.a5ab20\framework\db\CDbCommand.php(396): CDbCommand->queryInternal('fetchAll', Array, Array)
#1 J:\Tonmoy\wamp64\www\yiiapp\protected\controllers\ProductController.php(25): CDbCommand->queryAll()
#2 C:\Users\HP\Downloads\Compressed\yii-1.1.24.a5ab20\framework\web\actions\CInlineAction.php(49): ProductController->actionDelete()
#3 C:\Users\HP\Downloads\Compressed\yii-1.1.24.a5ab20\framework\web\CController.php(308): CInlineAction->runWithParams(Array)
#4 C:\Users\HP\Downloads\Compressed\yii-1.1.24.a5ab20\framework\web\CController.php(286): CController->runAction(Object(CInlineAction))
#5 C:\Users\HP\Downloads\Compressed\yii-1.1.24.a5ab20\framework\web\CController.php(265): CController->runActionWithFilters(Object(CInlineAction), Array)
#6 C:\Users\HP\Downloads\Compressed\yii-1.1.24.a5ab20\framework\web\CWebApplication.php(282): CController->run('delete')
#7 C:\Users\HP\Downloads\Compressed\yii-1.1.24.a5ab20\framework\web\CWebApplication.php(141): CWebApplication->runController('product/delete')
#8 C:\Users\HP\Downloads\Compressed\yii-1.1.24.a5ab20\framework\base\CApplication.php(185): CWebApplication->processRequest()
#9 J:\Tonmoy\wamp64\www\yiiapp\index.php(13): CApplication->run()
#10 {main}
REQUEST_URI=/yiiapp/index.php?r=product/delete
HTTP_REFERER=http://localhost/yiiapp/index.php?r=product/index
---
2021/11/02 10:16:39 [error] [system.db.CDbCommand] CDbCommand::fetchAll() failed: SQLSTATE[HY000]: General error. The SQL statement executed was: DELETE FROM products WHERE idproducts='12'.
in J:\Tonmoy\wamp64\www\yiiapp\protected\controllers\ProductController.php (25)
in J:\Tonmoy\wamp64\www\yiiapp\index.php (13)
2021/11/02 10:16:39 [error] [exception.CDbException] CDbException: CDbCommand failed to execute the SQL statement: SQLSTATE[HY000]: General error. The SQL statement executed was: DELETE FROM products WHERE idproducts='12' in C:\Users\HP\Downloads\Compressed\yii-1.1.24.a5ab20\framework\db\CDbCommand.php:543
Stack trace:
#0 C:\Users\HP\Downloads\Compressed\yii-1.1.24.a5ab20\framework\db\CDbCommand.php(396): CDbCommand->queryInternal('fetchAll', Array, Array)
#1 J:\Tonmoy\wamp64\www\yiiapp\protected\controllers\ProductController.php(25): CDbCommand->queryAll()
#2 C:\Users\HP\Downloads\Compressed\yii-1.1.24.a5ab20\framework\web\actions\CInlineAction.php(49): ProductController->actionDelete()
#3 C:\Users\HP\Downloads\Compressed\yii-1.1.24.a5ab20\framework\web\CController.php(308): CInlineAction->runWithParams(Array)
#4 C:\Users\HP\Downloads\Compressed\yii-1.1.24.a5ab20\framework\web\CController.php(286): CController->runAction(Object(CInlineAction))
#5 C:\Users\HP\Downloads\Compressed\yii-1.1.24.a5ab20\framework\web\CController.php(265): CController->runActionWithFilters(Object(CInlineAction), Array)
#6 C:\Users\HP\Downloads\Compressed\yii-1.1.24.a5ab20\framework\web\CWebApplication.php(282): CController->run('delete')
#7 C:\Users\HP\Downloads\Compressed\yii-1.1.24.a5ab20\framework\web\CWebApplication.php(141): CWebApplication->runController('product/delete')
#8 C:\Users\HP\Downloads\Compressed\yii-1.1.24.a5ab20\framework\base\CApplication.php(185): CWebApplication->processRequest()
#9 J:\Tonmoy\wamp64\www\yiiapp\index.php(13): CApplication->run()
#10 {main}
REQUEST_URI=/yiiapp/index.php?r=product/delete
HTTP_REFERER=http://localhost/yiiapp/index.php?r=product/index
---
2021/11/02 10:23:12 [error] [system.db.CDbCommand] CDbCommand::fetchAll() failed: SQLSTATE[HY000]: General error. The SQL statement executed was: DELETE FROM products WHERE idproducts='18'.
in J:\Tonmoy\wamp64\www\yiiapp\protected\controllers\ProductController.php (25)
in J:\Tonmoy\wamp64\www\yiiapp\index.php (13)
2021/11/02 10:23:12 [error] [exception.CDbException] CDbException: CDbCommand failed to execute the SQL statement: SQLSTATE[HY000]: General error. The SQL statement executed was: DELETE FROM products WHERE idproducts='18' in C:\Users\HP\Downloads\Compressed\yii-1.1.24.a5ab20\framework\db\CDbCommand.php:543
Stack trace:
#0 C:\Users\HP\Downloads\Compressed\yii-1.1.24.a5ab20\framework\db\CDbCommand.php(396): CDbCommand->queryInternal('fetchAll', Array, Array)
#1 J:\Tonmoy\wamp64\www\yiiapp\protected\controllers\ProductController.php(25): CDbCommand->queryAll()
#2 C:\Users\HP\Downloads\Compressed\yii-1.1.24.a5ab20\framework\web\actions\CInlineAction.php(49): ProductController->actionDelete()
#3 C:\Users\HP\Downloads\Compressed\yii-1.1.24.a5ab20\framework\web\CController.php(308): CInlineAction->runWithParams(Array)
#4 C:\Users\HP\Downloads\Compressed\yii-1.1.24.a5ab20\framework\web\CController.php(286): CController->runAction(Object(CInlineAction))
#5 C:\Users\HP\Downloads\Compressed\yii-1.1.24.a5ab20\framework\web\CController.php(265): CController->runActionWithFilters(Object(CInlineAction), Array)
#6 C:\Users\HP\Downloads\Compressed\yii-1.1.24.a5ab20\framework\web\CWebApplication.php(282): CController->run('delete')
#7 C:\Users\HP\Downloads\Compressed\yii-1.1.24.a5ab20\framework\web\CWebApplication.php(141): CWebApplication->runController('product/delete')
#8 C:\Users\HP\Downloads\Compressed\yii-1.1.24.a5ab20\framework\base\CApplication.php(185): CWebApplication->processRequest()
#9 J:\Tonmoy\wamp64\www\yiiapp\index.php(13): CApplication->run()
#10 {main}
REQUEST_URI=/yiiapp/index.php?r=product/delete
HTTP_REFERER=http://localhost/yiiapp/index.php?r=product/index
---
2021/11/02 10:23:53 [error] [system.db.CDbCommand] CDbCommand::fetchAll() failed: SQLSTATE[HY000]: General error. The SQL statement executed was: DELETE FROM products WHERE idproducts='17'.
in J:\Tonmoy\wamp64\www\yiiapp\protected\controllers\ProductController.php (24)
in J:\Tonmoy\wamp64\www\yiiapp\index.php (13)
2021/11/02 10:23:53 [error] [exception.CDbException] CDbException: CDbCommand failed to execute the SQL statement: SQLSTATE[HY000]: General error. The SQL statement executed was: DELETE FROM products WHERE idproducts='17' in C:\Users\HP\Downloads\Compressed\yii-1.1.24.a5ab20\framework\db\CDbCommand.php:543
Stack trace:
#0 C:\Users\HP\Downloads\Compressed\yii-1.1.24.a5ab20\framework\db\CDbCommand.php(396): CDbCommand->queryInternal('fetchAll', Array, Array)
#1 J:\Tonmoy\wamp64\www\yiiapp\protected\controllers\ProductController.php(24): CDbCommand->queryAll()
#2 C:\Users\HP\Downloads\Compressed\yii-1.1.24.a5ab20\framework\web\actions\CInlineAction.php(49): ProductController->actionDelete()
#3 C:\Users\HP\Downloads\Compressed\yii-1.1.24.a5ab20\framework\web\CController.php(308): CInlineAction->runWithParams(Array)
#4 C:\Users\HP\Downloads\Compressed\yii-1.1.24.a5ab20\framework\web\CController.php(286): CController->runAction(Object(CInlineAction))
#5 C:\Users\HP\Downloads\Compressed\yii-1.1.24.a5ab20\framework\web\CController.php(265): CController->runActionWithFilters(Object(CInlineAction), Array)
#6 C:\Users\HP\Downloads\Compressed\yii-1.1.24.a5ab20\framework\web\CWebApplication.php(282): CController->run('delete')
#7 C:\Users\HP\Downloads\Compressed\yii-1.1.24.a5ab20\framework\web\CWebApplication.php(141): CWebApplication->runController('product/delete')
#8 C:\Users\HP\Downloads\Compressed\yii-1.1.24.a5ab20\framework\base\CApplication.php(185): CWebApplication->processRequest()
#9 J:\Tonmoy\wamp64\www\yiiapp\index.php(13): CApplication->run()
#10 {main}
REQUEST_URI=/yiiapp/index.php?r=product/delete
HTTP_REFERER=http://localhost/yiiapp/index.php?r=product/index
---
2021/11/02 10:27:43 [error] [system.db.CDbCommand] CDbCommand::fetchAll() failed: SQLSTATE[HY000]: General error. The SQL statement executed was: DELETE FROM products WHERE idproducts='16'.
in J:\Tonmoy\wamp64\www\yiiapp\protected\controllers\ProductController.php (24)
in J:\Tonmoy\wamp64\www\yiiapp\index.php (13)
2021/11/02 10:27:43 [error] [exception.CDbException] CDbException: CDbCommand failed to execute the SQL statement: SQLSTATE[HY000]: General error. The SQL statement executed was: DELETE FROM products WHERE idproducts='16' in C:\Users\HP\Downloads\Compressed\yii-1.1.24.a5ab20\framework\db\CDbCommand.php:543
Stack trace:
#0 C:\Users\HP\Downloads\Compressed\yii-1.1.24.a5ab20\framework\db\CDbCommand.php(396): CDbCommand->queryInternal('fetchAll', Array, Array)
#1 J:\Tonmoy\wamp64\www\yiiapp\protected\controllers\ProductController.php(24): CDbCommand->queryAll()
#2 C:\Users\HP\Downloads\Compressed\yii-1.1.24.a5ab20\framework\web\actions\CInlineAction.php(49): ProductController->actionDelete()
#3 C:\Users\HP\Downloads\Compressed\yii-1.1.24.a5ab20\framework\web\CController.php(308): CInlineAction->runWithParams(Array)
#4 C:\Users\HP\Downloads\Compressed\yii-1.1.24.a5ab20\framework\web\CController.php(286): CController->runAction(Object(CInlineAction))
#5 C:\Users\HP\Downloads\Compressed\yii-1.1.24.a5ab20\framework\web\CController.php(265): CController->runActionWithFilters(Object(CInlineAction), Array)
#6 C:\Users\HP\Downloads\Compressed\yii-1.1.24.a5ab20\framework\web\CWebApplication.php(282): CController->run('delete')
#7 C:\Users\HP\Downloads\Compressed\yii-1.1.24.a5ab20\framework\web\CWebApplication.php(141): CWebApplication->runController('product/delete')
#8 C:\Users\HP\Downloads\Compressed\yii-1.1.24.a5ab20\framework\base\CApplication.php(185): CWebApplication->processRequest()
#9 J:\Tonmoy\wamp64\www\yiiapp\index.php(13): CApplication->run()
#10 {main}
REQUEST_URI=/yiiapp/index.php?r=product/delete
HTTP_REFERER=http://localhost/yiiapp/index.php?r=product/index
---
2021/11/02 10:35:10 [error] [system.db.CDbCommand] CDbCommand::fetchAll() failed: SQLSTATE[HY000]: General error. The SQL statement executed was: DELETE FROM products WHERE idproducts='15'.
in J:\Tonmoy\wamp64\www\yiiapp\protected\controllers\ProductController.php (24)
in J:\Tonmoy\wamp64\www\yiiapp\index.php (13)
2021/11/02 10:35:10 [error] [exception.CDbException] CDbException: CDbCommand failed to execute the SQL statement: SQLSTATE[HY000]: General error. The SQL statement executed was: DELETE FROM products WHERE idproducts='15' in C:\Users\HP\Downloads\Compressed\yii-1.1.24.a5ab20\framework\db\CDbCommand.php:543
Stack trace:
#0 C:\Users\HP\Downloads\Compressed\yii-1.1.24.a5ab20\framework\db\CDbCommand.php(396): CDbCommand->queryInternal('fetchAll', Array, Array)
#1 J:\Tonmoy\wamp64\www\yiiapp\protected\controllers\ProductController.php(24): CDbCommand->queryAll()
#2 C:\Users\HP\Downloads\Compressed\yii-1.1.24.a5ab20\framework\web\actions\CInlineAction.php(49): ProductController->actionDelete()
#3 C:\Users\HP\Downloads\Compressed\yii-1.1.24.a5ab20\framework\web\CController.php(308): CInlineAction->runWithParams(Array)
#4 C:\Users\HP\Downloads\Compressed\yii-1.1.24.a5ab20\framework\web\CController.php(286): CController->runAction(Object(CInlineAction))
#5 C:\Users\HP\Downloads\Compressed\yii-1.1.24.a5ab20\framework\web\CController.php(265): CController->runActionWithFilters(Object(CInlineAction), Array)
#6 C:\Users\HP\Downloads\Compressed\yii-1.1.24.a5ab20\framework\web\CWebApplication.php(282): CController->run('delete')
#7 C:\Users\HP\Downloads\Compressed\yii-1.1.24.a5ab20\framework\web\CWebApplication.php(141): CWebApplication->runController('product/delete')
#8 C:\Users\HP\Downloads\Compressed\yii-1.1.24.a5ab20\framework\base\CApplication.php(185): CWebApplication->processRequest()
#9 J:\Tonmoy\wamp64\www\yiiapp\index.php(13): CApplication->run()
#10 {main}
REQUEST_URI=/yiiapp/index.php?r=product/delete
HTTP_REFERER=http://localhost/yiiapp/index.php?r=product/index
---
2021/11/02 10:38:46 [error] [system.db.CDbCommand] CDbCommand::fetchAll() failed: SQLSTATE[HY000]: General error. The SQL statement executed was: DELETE FROM products WHERE idproducts='14'.
in J:\Tonmoy\wamp64\www\yiiapp\protected\controllers\ProductController.php (25)
in J:\Tonmoy\wamp64\www\yiiapp\index.php (13)
2021/11/02 10:38:46 [error] [exception.CDbException] CDbException: CDbCommand failed to execute the SQL statement: SQLSTATE[HY000]: General error. The SQL statement executed was: DELETE FROM products WHERE idproducts='14' in C:\Users\HP\Downloads\Compressed\yii-1.1.24.a5ab20\framework\db\CDbCommand.php:543
Stack trace:
#0 C:\Users\HP\Downloads\Compressed\yii-1.1.24.a5ab20\framework\db\CDbCommand.php(396): CDbCommand->queryInternal('fetchAll', Array, Array)
#1 J:\Tonmoy\wamp64\www\yiiapp\protected\controllers\ProductController.php(25): CDbCommand->queryAll()
#2 C:\Users\HP\Downloads\Compressed\yii-1.1.24.a5ab20\framework\web\actions\CInlineAction.php(49): ProductController->actionDelete()
#3 C:\Users\HP\Downloads\Compressed\yii-1.1.24.a5ab20\framework\web\CController.php(308): CInlineAction->runWithParams(Array)
#4 C:\Users\HP\Downloads\Compressed\yii-1.1.24.a5ab20\framework\web\CController.php(286): CController->runAction(Object(CInlineAction))
#5 C:\Users\HP\Downloads\Compressed\yii-1.1.24.a5ab20\framework\web\CController.php(265): CController->runActionWithFilters(Object(CInlineAction), Array)
#6 C:\Users\HP\Downloads\Compressed\yii-1.1.24.a5ab20\framework\web\CWebApplication.php(282): CController->run('delete')
#7 C:\Users\HP\Downloads\Compressed\yii-1.1.24.a5ab20\framework\web\CWebApplication.php(141): CWebApplication->runController('product/delete')
#8 C:\Users\HP\Downloads\Compressed\yii-1.1.24.a5ab20\framework\base\CApplication.php(185): CWebApplication->processRequest()
#9 J:\Tonmoy\wamp64\www\yiiapp\index.php(13): CApplication->run()
#10 {main}
REQUEST_URI=/yiiapp/index.php?r=product/delete
HTTP_REFERER=http://localhost/yiiapp/index.php?r=product/index
---
2021/11/02 12:26:10 [error] [system.db.CDbCommand] CDbCommand::fetchAll() failed: SQLSTATE[HY000]: General error. The SQL statement executed was: DELETE FROM products WHERE idproducts='29'.
in J:\Tonmoy\wamp64\www\yiiapp\protected\controllers\ProductController.php (25)
in J:\Tonmoy\wamp64\www\yiiapp\index.php (13)
2021/11/02 12:26:10 [error] [exception.CDbException] CDbException: CDbCommand failed to execute the SQL statement: SQLSTATE[HY000]: General error. The SQL statement executed was: DELETE FROM products WHERE idproducts='29' in C:\Users\HP\Downloads\Compressed\yii-1.1.24.a5ab20\framework\db\CDbCommand.php:543
Stack trace:
#0 C:\Users\HP\Downloads\Compressed\yii-1.1.24.a5ab20\framework\db\CDbCommand.php(396): CDbCommand->queryInternal('fetchAll', Array, Array)
#1 J:\Tonmoy\wamp64\www\yiiapp\protected\controllers\ProductController.php(25): CDbCommand->queryAll()
#2 C:\Users\HP\Downloads\Compressed\yii-1.1.24.a5ab20\framework\web\actions\CInlineAction.php(49): ProductController->actionDelete()
#3 C:\Users\HP\Downloads\Compressed\yii-1.1.24.a5ab20\framework\web\CController.php(308): CInlineAction->runWithParams(Array)
#4 C:\Users\HP\Downloads\Compressed\yii-1.1.24.a5ab20\framework\web\CController.php(286): CController->runAction(Object(CInlineAction))
#5 C:\Users\HP\Downloads\Compressed\yii-1.1.24.a5ab20\framework\web\CController.php(265): CController->runActionWithFilters(Object(CInlineAction), Array)
#6 C:\Users\HP\Downloads\Compressed\yii-1.1.24.a5ab20\framework\web\CWebApplication.php(282): CController->run('delete')
#7 C:\Users\HP\Downloads\Compressed\yii-1.1.24.a5ab20\framework\web\CWebApplication.php(141): CWebApplication->runController('product/delete')
#8 C:\Users\HP\Downloads\Compressed\yii-1.1.24.a5ab20\framework\base\CApplication.php(185): CWebApplication->processRequest()
#9 J:\Tonmoy\wamp64\www\yiiapp\index.php(13): CApplication->run()
#10 {main}
REQUEST_URI=/yiiapp/index.php?r=product/delete
HTTP_REFERER=http://localhost/yiiapp/index.php?r=product/index
---
2021/11/02 12:27:45 [error] [system.db.CDbCommand] CDbCommand::fetchAll() failed: SQLSTATE[HY000]: General error. The SQL statement executed was: DELETE FROM products WHERE idproducts='28'.
in J:\Tonmoy\wamp64\www\yiiapp\protected\controllers\ProductController.php (25)
in J:\Tonmoy\wamp64\www\yiiapp\index.php (13)
2021/11/02 12:27:45 [error] [exception.CDbException] CDbException: CDbCommand failed to execute the SQL statement: SQLSTATE[HY000]: General error. The SQL statement executed was: DELETE FROM products WHERE idproducts='28' in C:\Users\HP\Downloads\Compressed\yii-1.1.24.a5ab20\framework\db\CDbCommand.php:543
Stack trace:
#0 C:\Users\HP\Downloads\Compressed\yii-1.1.24.a5ab20\framework\db\CDbCommand.php(396): CDbCommand->queryInternal('fetchAll', Array, Array)
#1 J:\Tonmoy\wamp64\www\yiiapp\protected\controllers\ProductController.php(25): CDbCommand->queryAll()
#2 C:\Users\HP\Downloads\Compressed\yii-1.1.24.a5ab20\framework\web\actions\CInlineAction.php(49): ProductController->actionDelete()
#3 C:\Users\HP\Downloads\Compressed\yii-1.1.24.a5ab20\framework\web\CController.php(308): CInlineAction->runWithParams(Array)
#4 C:\Users\HP\Downloads\Compressed\yii-1.1.24.a5ab20\framework\web\CController.php(286): CController->runAction(Object(CInlineAction))
#5 C:\Users\HP\Downloads\Compressed\yii-1.1.24.a5ab20\framework\web\CController.php(265): CController->runActionWithFilters(Object(CInlineAction), Array)
#6 C:\Users\HP\Downloads\Compressed\yii-1.1.24.a5ab20\framework\web\CWebApplication.php(282): CController->run('delete')
#7 C:\Users\HP\Downloads\Compressed\yii-1.1.24.a5ab20\framework\web\CWebApplication.php(141): CWebApplication->runController('product/delete')
#8 C:\Users\HP\Downloads\Compressed\yii-1.1.24.a5ab20\framework\base\CApplication.php(185): CWebApplication->processRequest()
#9 J:\Tonmoy\wamp64\www\yiiapp\index.php(13): CApplication->run()
#10 {main}
REQUEST_URI=/yiiapp/index.php?r=product/delete
HTTP_REFERER=http://localhost/yiiapp/index.php?r=product/index
---
2021/11/02 12:28:58 [error] [system.db.CDbCommand] CDbCommand::fetchAll() failed: SQLSTATE[HY000]: General error. The SQL statement executed was: DELETE FROM products WHERE idproducts=27.
in J:\Tonmoy\wamp64\www\yiiapp\protected\controllers\ProductController.php (25)
in J:\Tonmoy\wamp64\www\yiiapp\index.php (13)
2021/11/02 12:28:58 [error] [exception.CDbException] CDbException: CDbCommand failed to execute the SQL statement: SQLSTATE[HY000]: General error. The SQL statement executed was: DELETE FROM products WHERE idproducts=27 in C:\Users\HP\Downloads\Compressed\yii-1.1.24.a5ab20\framework\db\CDbCommand.php:543
Stack trace:
#0 C:\Users\HP\Downloads\Compressed\yii-1.1.24.a5ab20\framework\db\CDbCommand.php(396): CDbCommand->queryInternal('fetchAll', Array, Array)
#1 J:\Tonmoy\wamp64\www\yiiapp\protected\controllers\ProductController.php(25): CDbCommand->queryAll()
#2 C:\Users\HP\Downloads\Compressed\yii-1.1.24.a5ab20\framework\web\actions\CInlineAction.php(49): ProductController->actionDelete()
#3 C:\Users\HP\Downloads\Compressed\yii-1.1.24.a5ab20\framework\web\CController.php(308): CInlineAction->runWithParams(Array)
#4 C:\Users\HP\Downloads\Compressed\yii-1.1.24.a5ab20\framework\web\CController.php(286): CController->runAction(Object(CInlineAction))
#5 C:\Users\HP\Downloads\Compressed\yii-1.1.24.a5ab20\framework\web\CController.php(265): CController->runActionWithFilters(Object(CInlineAction), Array)
#6 C:\Users\HP\Downloads\Compressed\yii-1.1.24.a5ab20\framework\web\CWebApplication.php(282): CController->run('delete')
#7 C:\Users\HP\Downloads\Compressed\yii-1.1.24.a5ab20\framework\web\CWebApplication.php(141): CWebApplication->runController('product/delete')
#8 C:\Users\HP\Downloads\Compressed\yii-1.1.24.a5ab20\framework\base\CApplication.php(185): CWebApplication->processRequest()
#9 J:\Tonmoy\wamp64\www\yiiapp\index.php(13): CApplication->run()
#10 {main}
REQUEST_URI=/yiiapp/index.php?r=product/delete
HTTP_REFERER=http://localhost/yiiapp/index.php?r=product/index
---
2021/11/02 12:30:07 [error] [system.db.CDbCommand] CDbCommand::fetchAll() failed: SQLSTATE[HY000]: General error. The SQL statement executed was: DELETE FROM products WHERE idproducts=26.
in J:\Tonmoy\wamp64\www\yiiapp\protected\controllers\ProductController.php (25)
in J:\Tonmoy\wamp64\www\yiiapp\index.php (13)
2021/11/02 12:30:07 [error] [exception.CDbException] CDbException: CDbCommand failed to execute the SQL statement: SQLSTATE[HY000]: General error. The SQL statement executed was: DELETE FROM products WHERE idproducts=26 in C:\Users\HP\Downloads\Compressed\yii-1.1.24.a5ab20\framework\db\CDbCommand.php:543
Stack trace:
#0 C:\Users\HP\Downloads\Compressed\yii-1.1.24.a5ab20\framework\db\CDbCommand.php(396): CDbCommand->queryInternal('fetchAll', Array, Array)
#1 J:\Tonmoy\wamp64\www\yiiapp\protected\controllers\ProductController.php(25): CDbCommand->queryAll()
#2 C:\Users\HP\Downloads\Compressed\yii-1.1.24.a5ab20\framework\web\actions\CInlineAction.php(49): ProductController->actionDelete()
#3 C:\Users\HP\Downloads\Compressed\yii-1.1.24.a5ab20\framework\web\CController.php(308): CInlineAction->runWithParams(Array)
#4 C:\Users\HP\Downloads\Compressed\yii-1.1.24.a5ab20\framework\web\CController.php(286): CController->runAction(Object(CInlineAction))
#5 C:\Users\HP\Downloads\Compressed\yii-1.1.24.a5ab20\framework\web\CController.php(265): CController->runActionWithFilters(Object(CInlineAction), Array)
#6 C:\Users\HP\Downloads\Compressed\yii-1.1.24.a5ab20\framework\web\CWebApplication.php(282): CController->run('delete')
#7 C:\Users\HP\Downloads\Compressed\yii-1.1.24.a5ab20\framework\web\CWebApplication.php(141): CWebApplication->runController('product/delete')
#8 C:\Users\HP\Downloads\Compressed\yii-1.1.24.a5ab20\framework\base\CApplication.php(185): CWebApplication->processRequest()
#9 J:\Tonmoy\wamp64\www\yiiapp\index.php(13): CApplication->run()
#10 {main}
REQUEST_URI=/yiiapp/index.php?r=product/delete
HTTP_REFERER=http://localhost/yiiapp/index.php?r=product/index
---
2021/11/09 06:00:28 [error] [php] include(PHPExcel.php): failed to open stream: No such file or directory (C:\Users\HP\Downloads\Compressed\yii-1.1.24.a5ab20\framework\YiiBase.php:463)
Stack trace:
#0 C:\Users\HP\Downloads\Compressed\yii-1.1.24.a5ab20\framework\YiiBase.php(463): include()
#1 unknown(0): autoload()
#2 J:\Tonmoy\wamp64\www\yiiapp\protected\controllers\ProductController.php(41): spl_autoload_call()
#3 C:\Users\HP\Downloads\Compressed\yii-1.1.24.a5ab20\framework\web\actions\CInlineAction.php(49): ProductController->actionExcel()
#4 C:\Users\HP\Downloads\Compressed\yii-1.1.24.a5ab20\framework\web\CController.php(308): CInlineAction->runWithParams()
#5 C:\Users\HP\Downloads\Compressed\yii-1.1.24.a5ab20\framework\web\CController.php(286): ProductController->runAction()
#6 C:\Users\HP\Downloads\Compressed\yii-1.1.24.a5ab20\framework\web\CController.php(265): ProductController->runActionWithFilters()
#7 C:\Users\HP\Downloads\Compressed\yii-1.1.24.a5ab20\framework\web\CWebApplication.php(282): ProductController->run()
#8 C:\Users\HP\Downloads\Compressed\yii-1.1.24.a5ab20\framework\web\CWebApplication.php(141): CWebApplication->runController()
#9 C:\Users\HP\Downloads\Compressed\yii-1.1.24.a5ab20\framework\base\CApplication.php(185): CWebApplication->processRequest()
#10 J:\Tonmoy\wamp64\www\yiiapp\index.php(13): CWebApplication->run()
REQUEST_URI=/yiiapp/index.php?r=product/excel
in J:\Tonmoy\wamp64\www\yiiapp\protected\controllers\ProductController.php (41)
in J:\Tonmoy\wamp64\www\yiiapp\index.php (13)
2021/11/09 06:01:59 [error] [php] include(PHPExcel.php): failed to open stream: No such file or directory (C:\Users\HP\Downloads\Compressed\yii-1.1.24.a5ab20\framework\YiiBase.php:463)
Stack trace:
#0 C:\Users\HP\Downloads\Compressed\yii-1.1.24.a5ab20\framework\YiiBase.php(463): include()
#1 unknown(0): autoload()
#2 J:\Tonmoy\wamp64\www\yiiapp\protected\controllers\ProductController.php(41): spl_autoload_call()
#3 C:\Users\HP\Downloads\Compressed\yii-1.1.24.a5ab20\framework\web\actions\CInlineAction.php(49): ProductController->actionExcel()
#4 C:\Users\HP\Downloads\Compressed\yii-1.1.24.a5ab20\framework\web\CController.php(308): CInlineAction->runWithParams()
#5 C:\Users\HP\Downloads\Compressed\yii-1.1.24.a5ab20\framework\web\CController.php(286): ProductController->runAction()
#6 C:\Users\HP\Downloads\Compressed\yii-1.1.24.a5ab20\framework\web\CController.php(265): ProductController->runActionWithFilters()
#7 C:\Users\HP\Downloads\Compressed\yii-1.1.24.a5ab20\framework\web\CWebApplication.php(282): ProductController->run()
#8 C:\Users\HP\Downloads\Compressed\yii-1.1.24.a5ab20\framework\web\CWebApplication.php(141): CWebApplication->runController()
#9 C:\Users\HP\Downloads\Compressed\yii-1.1.24.a5ab20\framework\base\CApplication.php(185): CWebApplication->processRequest()
#10 J:\Tonmoy\wamp64\www\yiiapp\index.php(13): CWebApplication->run()
REQUEST_URI=/yiiapp/index.php?r=product/excel
in J:\Tonmoy\wamp64\www\yiiapp\protected\controllers\ProductController.php (41)
in J:\Tonmoy\wamp64\www\yiiapp\index.php (13)
